Using pre-set license
Built from '2021.1/staging' branch; Version is '2021.1.9f1 (7a790e367ab3) revision 8026382'; Using compiler version '192528614'; Build Type 'Release'
OS: 'Windows 10 Enterprise; OS build 19043.1466; Version 2009; 64bit' Language: 'en' Physical Memory: 16253 MB
BatchMode: 1, IsHumanControllingUs: 0, StartBugReporterOnCrash: 0, Is64bit: 1, IsPro: 0

 COMMAND LINE ARGUMENTS:
C:\Program Files\Unity 2021.1.9f1\Editor\Unity.exe
-adb2
-batchMode
-noUpm
-name
AssetImportWorker0
-projectPath
C:/Users/L000226803/Repos/the-maya-adventures-repo/The maya adventures project
-logFile
Logs/AssetImportWorker0.log
-srvPort
53883
Successfully changed project path to: C:/Users/L000226803/Repos/the-maya-adventures-repo/The maya adventures project
C:/Users/L000226803/Repos/the-maya-adventures-repo/The maya adventures project
Using Asset Import Pipeline V2.
Refreshing native plugins compatible for Editor in 133.45 ms, found 3 plugins.
Preloading 0 native plugins for Editor in 0.00 ms.
Initialize engine version: 2021.1.9f1 (7a790e367ab3)
[Subsystems] Discovering subsystems at path C:/Program Files/Unity 2021.1.9f1/Editor/Data/Resources/UnitySubsystems
[Subsystems] Discovering subsystems at path C:/Users/L000226803/Repos/the-maya-adventures-repo/The maya adventures project/Assets
GfxDevice: creating device client; threaded=0; jobified=0
Direct3D:
    Version:  Direct3D 11.0 [level 11.1]
    Renderer: Intel(R) Iris(R) Pro Graphics P580 (ID=0x193a)
    Vendor:   Intel
    VRAM:     8126 MB
    Driver:   27.20.100.8681
Shader 'Universal Render Pipeline/Particles/Lit': fallback shader 'Universal Render Pipeline/Particles/SimpleLit' not found
Initialize mono
Mono path[0] = 'C:/Program Files/Unity 2021.1.9f1/Editor/Data/Managed'
Mono path[1] = 'C:/Program Files/Unity 2021.1.9f1/Editor/Data/MonoBleedingEdge/lib/mono/unityjit'
Mono config path = 'C:/Program Files/Unity 2021.1.9f1/Editor/Data/MonoBleedingEdge/etc'
Using monoOptions --debugger-agent=transport=dt_socket,embedding=1,server=y,suspend=n,address=127.0.0.1:56624
Begin MonoManager ReloadAssembly
Registering precompiled unity dll's ...
Register platform support module: C:/Program Files/Unity 2021.1.9f1/Editor/Data/PlaybackEngines/WindowsStandaloneSupport/UnityEditor.WindowsStandalone.Extensions.dll
Registered in 0.002393 seconds.
Native extension for WindowsStandalone target not found
Refreshing native plugins compatible for Editor in 127.47 ms, found 3 plugins.
Preloading 0 native plugins for Editor in 0.00 ms.
Mono: successfully reloaded assembly
- Completed reload, in  1.320 seconds
Domain Reload Profiling:
	ReloadAssembly (1321ms)
		BeginReloadAssembly (65ms)
			ExecutionOrderSort (0ms)
			DisableScriptedObjects (0ms)
			BackupInstance (0ms)
			ReleaseScriptingObjects (0ms)
			CreateAndSetChildDomain (1ms)
		EndReloadAssembly (573ms)
			LoadAssemblies (62ms)
			RebuildTransferFunctionScriptingTraits (0ms)
			SetupTypeCache (199ms)
			ReleaseScriptCaches (0ms)
			RebuildScriptCaches (35ms)
			SetupLoadedEditorAssemblies (286ms)
				LogAssemblyErrors (0ms)
				InitializePlatformSupportModulesInManaged (7ms)
				SetLoadedEditorAssemblies (0ms)
				RefreshPlugins (128ms)
				BeforeProcessingInitializeOnLoad (2ms)
				ProcessInitializeOnLoadAttributes (115ms)
				ProcessInitializeOnLoadMethodAttributes (34ms)
				AfterProcessingInitializeOnLoad (0ms)
				EditorAssembliesLoaded (0ms)
			ExecutionOrderSort2 (0ms)
			AwakeInstancesAfterBackupRestoration (0ms)
Platform modules already initialized, skipping
Registering precompiled user dll's ...
Registered in 0.012334 seconds.
Begin MonoManager ReloadAssembly
Symbol file LoadedFromMemory doesn't match image C:\Users\L000226803\Repos\the-maya-adventures-repo\The maya adventures project\Library\PackageCache\com.unity.visualscripting@1.6.1\Editor\VisualScripting.Core\Dependencies\YamlDotNet\Unity.VisualScripting.YamlDotNet.dll
Symbol file LoadedFromMemory doesn't match image C:\Users\L000226803\Repos\the-maya-adventures-repo\The maya adventures project\Library\PackageCache\com.unity.visualscripting@1.6.1\Editor\VisualScripting.Core\Dependencies\DotNetZip\Unity.VisualScripting.IonicZip.dll
Native extension for WindowsStandalone target not found
Refreshing native plugins compatible for Editor in 127.99 ms, found 3 plugins.
Preloading 0 native plugins for Editor in 0.00 ms.
Mono: successfully reloaded assembly
- Completed reload, in  1.538 seconds
Domain Reload Profiling:
	ReloadAssembly (1539ms)
		BeginReloadAssembly (170ms)
			ExecutionOrderSort (0ms)
			DisableScriptedObjects (5ms)
			BackupInstance (0ms)
			ReleaseScriptingObjects (0ms)
			CreateAndSetChildDomain (22ms)
		EndReloadAssembly (1297ms)
			LoadAssemblies (125ms)
			RebuildTransferFunctionScriptingTraits (0ms)
			SetupTypeCache (442ms)
			ReleaseScriptCaches (1ms)
			RebuildScriptCaches (70ms)
			SetupLoadedEditorAssemblies (538ms)
				LogAssemblyErrors (0ms)
				InitializePlatformSupportModulesInManaged (4ms)
				SetLoadedEditorAssemblies (0ms)
				RefreshPlugins (128ms)
				BeforeProcessingInitializeOnLoad (117ms)
				ProcessInitializeOnLoadAttributes (275ms)
				ProcessInitializeOnLoadMethodAttributes (6ms)
				AfterProcessingInitializeOnLoad (7ms)
				EditorAssembliesLoaded (0ms)
			ExecutionOrderSort2 (0ms)
			AwakeInstancesAfterBackupRestoration (8ms)
Platform modules already initialized, skipping
========================================================================
Worker process is ready to serve import requests
Shader 'Universal Render Pipeline/Particles/Lit': fallback shader 'Universal Render Pipeline/Particles/SimpleLit' not found
Launched and connected shader compiler UnityShaderCompiler.exe after 0.06 seconds
Refreshing native plugins compatible for Editor in 0.90 ms, found 3 plugins.
Preloading 0 native plugins for Editor in 0.00 ms.
Unloading 4422 Unused Serialized files (Serialized files now loaded: 0)
System memory in use before: 247.0 MB.
System memory in use after: 247.2 MB.

Unloading 23 unused Assets to reduce memory usage. Loaded Objects now: 4875.
Total: 3.358100 ms (FindLiveObjects: 0.371400 ms CreateObjectMapping: 0.263700 ms MarkObjects: 2.631800 ms  DeleteObjects: 0.090200 ms)

AssetImportParameters requested are different than current active one (requested -> active):
  custom:framework-win-MediaFoundation: 216162199b28c13a410421893ffa2e32 -> 
  custom:video-decoder-ogg-theora: a1e56fd34408186e4bbccfd4996cb3dc -> 
  custom:container-muxer-webm: aa71ff27fc2769a1b78a27578f13a17b -> 
  custom:container-demuxer-webm: 4f35f7cbe854078d1ac9338744f61a02 -> 
  custom:container-demuxer-ogg: 62fdf1f143b41e24485cea50d1cbac27 -> 
  custom:video-encoder-webm-vp8: eb34c28f22e8b96e1ab97ce403110664 -> 
  custom:video-decoder-webm-vp8: 9c59270c3fd7afecdb556c50c9e8de78 -> 
  custom:audio-decoder-ogg-vorbis: bf7c407c2cedff20999df2af8eb42d56 -> 
  custom:audio-encoder-webm-vorbis: bf7c407c2cedff20999df2af8eb42d56 -> 
========================================================================
Received Import Request.
  path: Assets/Food
  artifactKey: Guid(dee92d3210da4f841a5112df6076b06b) Importer(815301076,1909f56bfc062723c751e8b465ee728b)
Start importing Assets/Food using Guid(dee92d3210da4f841a5112df6076b06b) Importer(815301076,1909f56bfc062723c751e8b465ee728b)  -> (artifact id: '651549c259221b3867d8aec187ae1949') in 0.013103 seconds 
========================================================================
Received Import Request.
  Time since last request: 27.955500 seconds.
  path: Assets/Food/cheese.fbx
  artifactKey: Guid(47b385e1db406a64499c153b93bf6b5c) Importer(815301076,1909f56bfc062723c751e8b465ee728b)
Start importing Assets/Food/cheese.fbx using Guid(47b385e1db406a64499c153b93bf6b5c) Importer(815301076,1909f56bfc062723c751e8b465ee728b)  -> (artifact id: '98d6a4b438cec3bd0628fcdd53c906c4') in 0.463873 seconds 
========================================================================
Received Import Request.
  Time since last request: 8.020218 seconds.
  path: Assets/Food/chicken.fbx
  artifactKey: Guid(92266a9db8bf52c4c9f692129619d2b5) Importer(815301076,1909f56bfc062723c751e8b465ee728b)
Start importing Assets/Food/chicken.fbx using Guid(92266a9db8bf52c4c9f692129619d2b5) Importer(815301076,1909f56bfc062723c751e8b465ee728b)  -> (artifact id: 'f6b5b95f55e42ca1be9ae1af9389e41c') in 0.060766 seconds 
========================================================================
Received Import Request.
  Time since last request: 5.750313 seconds.
  path: Assets/Food/pizza.fbx
  artifactKey: Guid(dd5de2da972a2274dad003fe7edc7fe4) Importer(815301076,1909f56bfc062723c751e8b465ee728b)
Start importing Assets/Food/pizza.fbx using Guid(dd5de2da972a2274dad003fe7edc7fe4) Importer(815301076,1909f56bfc062723c751e8b465ee728b)  -> (artifact id: 'ea7d08dbb607b5f357befc81dcc9617a') in 0.108619 seconds 
========================================================================
Received Import Request.
  Time since last request: 4.749617 seconds.
  path: Assets/Food/steak.fbx
  artifactKey: Guid(8a6a586ee09448347915e8765da5d9e9) Importer(815301076,1909f56bfc062723c751e8b465ee728b)
Start importing Assets/Food/steak.fbx using Guid(8a6a586ee09448347915e8765da5d9e9) Importer(815301076,1909f56bfc062723c751e8b465ee728b)  -> (artifact id: 'ae557ea216a032dac660fcac95660945') in 0.057081 seconds 
========================================================================
Received Import Request.
  Time since last request: 41.043514 seconds.
  path: Packages/com.unity.render-pipelines.universal/Runtime/Materials/Lit.mat
  artifactKey: Guid(31321ba15b8f8eb4c954353edc038b1d) Importer(815301076,1909f56bfc062723c751e8b465ee728b)
Start importing Packages/com.unity.render-pipelines.universal/Runtime/Materials/Lit.mat using Guid(31321ba15b8f8eb4c954353edc038b1d) Importer(815301076,1909f56bfc062723c751e8b465ee728b)  -> (artifact id: '681212c85efb04fa41f2527f6c78fe44') in 0.047660 seconds 
========================================================================
Received Import Request.
  Time since last request: 0.000195 seconds.
  path: Packages/com.unity.render-pipelines.universal/Runtime/Materials/ParticlesUnlit.mat
  artifactKey: Guid(e823cd5b5d27c0f4b8256e7c12ee3e6d) Importer(815301076,1909f56bfc062723c751e8b465ee728b)
Start importing Packages/com.unity.render-pipelines.universal/Runtime/Materials/ParticlesUnlit.mat using Guid(e823cd5b5d27c0f4b8256e7c12ee3e6d) Importer(815301076,1909f56bfc062723c751e8b465ee728b)  -> (artifact id: 'af8335776549490cb24c07a238fe1fef') in 0.020908 seconds 
========================================================================
Received Import Request.
  Time since last request: 0.000209 seconds.
  path: Packages/com.unity.render-pipelines.universal/Runtime/Materials/TerrainLit.mat
  artifactKey: Guid(594ea882c5a793440b60ff72d896021e) Importer(815301076,1909f56bfc062723c751e8b465ee728b)
Start importing Packages/com.unity.render-pipelines.universal/Runtime/Materials/TerrainLit.mat using Guid(594ea882c5a793440b60ff72d896021e) Importer(815301076,1909f56bfc062723c751e8b465ee728b)  -> (artifact id: 'c8714e78301a7a1619d1706acf1d6677') in 0.758164 seconds 
========================================================================
Received Import Request.
  Time since last request: 0.000202 seconds.
  path: Packages/com.unity.render-pipelines.universal/Runtime/Materials/Sprite-Unlit-Default.mat
  artifactKey: Guid(9dfc825aed78fcd4ba02077103263b40) Importer(815301076,1909f56bfc062723c751e8b465ee728b)
Start importing Packages/com.unity.render-pipelines.universal/Runtime/Materials/Sprite-Unlit-Default.mat using Guid(9dfc825aed78fcd4ba02077103263b40) Importer(815301076,1909f56bfc062723c751e8b465ee728b)  -> (artifact id: '3435e9412a7a6942154957b036967866') in 0.075439 seconds 
========================================================================
Received Import Request.
  Time since last request: 0.000180 seconds.
  path: Packages/com.unity.render-pipelines.universal/Runtime/Materials/SimpleLit.mat
  artifactKey: Guid(6a1143ee683302f4aa628c052723efc1) Importer(815301076,1909f56bfc062723c751e8b465ee728b)
Start importing Packages/com.unity.render-pipelines.universal/Runtime/Materials/SimpleLit.mat using Guid(6a1143ee683302f4aa628c052723efc1) Importer(815301076,1909f56bfc062723c751e8b465ee728b)  -> (artifact id: '3599f54344065776e69ddf17504dca58') in 0.024326 seconds 
========================================================================
Received Import Request.
  Time since last request: 0.000214 seconds.
  path: Packages/com.unity.render-pipelines.universal/Runtime/Materials/Sprite-Lit-Default.mat
  artifactKey: Guid(a97c105638bdf8b4a8650670310a4cd3) Importer(815301076,1909f56bfc062723c751e8b465ee728b)
Start importing Packages/com.unity.render-pipelines.universal/Runtime/Materials/Sprite-Lit-Default.mat using Guid(a97c105638bdf8b4a8650670310a4cd3) Importer(815301076,1909f56bfc062723c751e8b465ee728b)  -> (artifact id: 'f7dff922a30809c1c1f522b7ea301148') in 0.020783 seconds 
========================================================================
Received Prepare
Registering precompiled user dll's ...
Registered in 0.013073 seconds.
Begin MonoManager ReloadAssembly
Symbol file LoadedFromMemory doesn't match image C:\Users\L000226803\Repos\the-maya-adventures-repo\The maya adventures project\Library\PackageCache\com.unity.visualscripting@1.6.1\Editor\VisualScripting.Core\Dependencies\YamlDotNet\Unity.VisualScripting.YamlDotNet.dll
Symbol file LoadedFromMemory doesn't match image C:\Users\L000226803\Repos\the-maya-adventures-repo\The maya adventures project\Library\PackageCache\com.unity.visualscripting@1.6.1\Editor\VisualScripting.Core\Dependencies\DotNetZip\Unity.VisualScripting.IonicZip.dll
Native extension for WindowsStandalone target not found
Refreshing native plugins compatible for Editor in 0.98 ms, found 4 plugins.
Preloading 0 native plugins for Editor in 0.00 ms.
Mono: successfully reloaded assembly
- Completed reload, in  1.517 seconds
Domain Reload Profiling:
	ReloadAssembly (1517ms)
		BeginReloadAssembly (171ms)
			ExecutionOrderSort (0ms)
			DisableScriptedObjects (7ms)
			BackupInstance (0ms)
			ReleaseScriptingObjects (0ms)
			CreateAndSetChildDomain (48ms)
		EndReloadAssembly (1275ms)
			LoadAssemblies (129ms)
			RebuildTransferFunctionScriptingTraits (0ms)
			SetupTypeCache (496ms)
			ReleaseScriptCaches (2ms)
			RebuildScriptCaches (57ms)
			SetupLoadedEditorAssemblies (434ms)
				LogAssemblyErrors (0ms)
				InitializePlatformSupportModulesInManaged (5ms)
				SetLoadedEditorAssemblies (0ms)
				RefreshPlugins (1ms)
				BeforeProcessingInitializeOnLoad (117ms)
				ProcessInitializeOnLoadAttributes (298ms)
				ProcessInitializeOnLoadMethodAttributes (6ms)
				AfterProcessingInitializeOnLoad (7ms)
				EditorAssembliesLoaded (0ms)
			ExecutionOrderSort2 (0ms)
			AwakeInstancesAfterBackupRestoration (18ms)
Platform modules already initialized, skipping
Shader 'Universal Render Pipeline/Particles/Lit': fallback shader 'Universal Render Pipeline/Particles/SimpleLit' not found
Refreshing native plugins compatible for Editor in 0.99 ms, found 4 plugins.
Preloading 0 native plugins for Editor in 0.00 ms.
Unloading 4567 Unused Serialized files (Serialized files now loaded: 0)
System memory in use before: 253.5 MB.
System memory in use after: 253.7 MB.

Unloading 23 unused Assets to reduce memory usage. Loaded Objects now: 5180.
Total: 3.240000 ms (FindLiveObjects: 0.335800 ms CreateObjectMapping: 0.250700 ms MarkObjects: 2.548200 ms  DeleteObjects: 0.103900 ms)

AssetImportParameters requested are different than current active one (requested -> active):
  custom:framework-win-MediaFoundation: 216162199b28c13a410421893ffa2e32 -> 
  custom:video-decoder-ogg-theora: a1e56fd34408186e4bbccfd4996cb3dc -> 
  custom:container-muxer-webm: aa71ff27fc2769a1b78a27578f13a17b -> 
  custom:container-demuxer-webm: 4f35f7cbe854078d1ac9338744f61a02 -> 
  custom:container-demuxer-ogg: 62fdf1f143b41e24485cea50d1cbac27 -> 
  custom:video-encoder-webm-vp8: eb34c28f22e8b96e1ab97ce403110664 -> 
  custom:video-decoder-webm-vp8: 9c59270c3fd7afecdb556c50c9e8de78 -> 
  custom:audio-decoder-ogg-vorbis: bf7c407c2cedff20999df2af8eb42d56 -> 
  custom:audio-encoder-webm-vorbis: bf7c407c2cedff20999df2af8eb42d56 -> 
========================================================================
Received Import Request.
  Time since last request: 318.848061 seconds.
  path: Assets/Food/chicken.fbx
  artifactKey: Guid(92266a9db8bf52c4c9f692129619d2b5) Importer(815301076,1909f56bfc062723c751e8b465ee728b)
Start importing Assets/Food/chicken.fbx using Guid(92266a9db8bf52c4c9f692129619d2b5) Importer(815301076,1909f56bfc062723c751e8b465ee728b)  -> (artifact id: 'ded17fda0302d1bb1a85bb55ba143e82') in 0.297336 seconds 
========================================================================
Received Import Request.
  Time since last request: 16.426521 seconds.
  path: Assets/Food/cheese.fbx
  artifactKey: Guid(47b385e1db406a64499c153b93bf6b5c) Importer(815301076,1909f56bfc062723c751e8b465ee728b)
Start importing Assets/Food/cheese.fbx using Guid(47b385e1db406a64499c153b93bf6b5c) Importer(815301076,1909f56bfc062723c751e8b465ee728b)  -> (artifact id: '0b7de376ab81a2627e4246e9e72944fa') in 0.569087 seconds 
========================================================================
Received Import Request.
  Time since last request: 14.260353 seconds.
  path: Assets/Food/cheese.fbx
  artifactKey: Guid(47b385e1db406a64499c153b93bf6b5c) Importer(815301076,1909f56bfc062723c751e8b465ee728b)
Start importing Assets/Food/cheese.fbx using Guid(47b385e1db406a64499c153b93bf6b5c) Importer(815301076,1909f56bfc062723c751e8b465ee728b)  -> (artifact id: '55548ab533696e3258dfd0595016d28f') in 0.182510 seconds 
========================================================================
Received Import Request.
  Time since last request: 8.085443 seconds.
  path: Assets/Food/cheese.fbx
  artifactKey: Guid(47b385e1db406a64499c153b93bf6b5c) Importer(815301076,1909f56bfc062723c751e8b465ee728b)
Start importing Assets/Food/cheese.fbx using Guid(47b385e1db406a64499c153b93bf6b5c) Importer(815301076,1909f56bfc062723c751e8b465ee728b)  -> (artifact id: 'aa17707f9dbc4c34895d1898e85bdf54') in 0.581087 seconds 
========================================================================
Received Import Request.
  Time since last request: 145.564382 seconds.
  path: Assets/steak.fbx
  artifactKey: Guid(e7cd85a7f77135c4d87e228fc6dd6fe0) Importer(815301076,1909f56bfc062723c751e8b465ee728b)
Start importing Assets/steak.fbx using Guid(e7cd85a7f77135c4d87e228fc6dd6fe0) Importer(815301076,1909f56bfc062723c751e8b465ee728b)  -> (artifact id: '63e44c4677fe8773d3411f700eb9e650') in 0.050682 seconds 
========================================================================
Received Import Request.
  Time since last request: 20.040774 seconds.
  path: Assets/steak.fbx
  artifactKey: Guid(e7cd85a7f77135c4d87e228fc6dd6fe0) Importer(815301076,1909f56bfc062723c751e8b465ee728b)
Start importing Assets/steak.fbx using Guid(e7cd85a7f77135c4d87e228fc6dd6fe0) Importer(815301076,1909f56bfc062723c751e8b465ee728b)  -> (artifact id: 'a7c3cc76d0f7ea17a5d86ffc32f06f1a') in 0.043959 seconds 
========================================================================
Received Import Request.
  Time since last request: 7.680633 seconds.
  path: Assets/steak.fbx
  artifactKey: Guid(e7cd85a7f77135c4d87e228fc6dd6fe0) Importer(815301076,1909f56bfc062723c751e8b465ee728b)
Start importing Assets/steak.fbx using Guid(e7cd85a7f77135c4d87e228fc6dd6fe0) Importer(815301076,1909f56bfc062723c751e8b465ee728b)  -> (artifact id: '1baad701990524d1474511c863fca2f4') in 0.075337 seconds 
========================================================================
Received Import Request.
  Time since last request: 12.974346 seconds.
  path: Assets/steak.fbx
  artifactKey: Guid(e7cd85a7f77135c4d87e228fc6dd6fe0) Importer(815301076,1909f56bfc062723c751e8b465ee728b)
Start importing Assets/steak.fbx using Guid(e7cd85a7f77135c4d87e228fc6dd6fe0) Importer(815301076,1909f56bfc062723c751e8b465ee728b)  -> (artifact id: '39447d86a612deea1917f24ebcda5cd6') in 0.048736 seconds 
========================================================================
Received Import Request.
  Time since last request: 295.750481 seconds.
  path: Assets/steak.fbx
  artifactKey: Guid(e7cd85a7f77135c4d87e228fc6dd6fe0) Importer(815301076,1909f56bfc062723c751e8b465ee728b)
Start importing Assets/steak.fbx using Guid(e7cd85a7f77135c4d87e228fc6dd6fe0) Importer(815301076,1909f56bfc062723c751e8b465ee728b)  -> (artifact id: '18c5ab0ce6fe66acf1a6b7fad64da60f') in 0.045676 seconds 
========================================================================
Received Import Request.
  Time since last request: 21.142142 seconds.
  path: Assets/pizza.fbx
  artifactKey: Guid(6d1655d7da612b64cb51a259c3a9cd2b) Importer(815301076,1909f56bfc062723c751e8b465ee728b)
Start importing Assets/pizza.fbx using Guid(6d1655d7da612b64cb51a259c3a9cd2b) Importer(815301076,1909f56bfc062723c751e8b465ee728b)  -> (artifact id: '723c47e2618b3daf28bd44449ff7fc59') in 0.101572 seconds 
========================================================================
Received Import Request.
  Time since last request: 4.461512 seconds.
  path: Assets/pizza.fbx
  artifactKey: Guid(6d1655d7da612b64cb51a259c3a9cd2b) Importer(815301076,1909f56bfc062723c751e8b465ee728b)
Start importing Assets/pizza.fbx using Guid(6d1655d7da612b64cb51a259c3a9cd2b) Importer(815301076,1909f56bfc062723c751e8b465ee728b)  -> (artifact id: 'e60e328f1b3ae0667ff0288fbdc7663a') in 0.582878 seconds 
========================================================================
Received Import Request.
  Time since last request: 3.464349 seconds.
  path: Assets/pizza.fbx
  artifactKey: Guid(6d1655d7da612b64cb51a259c3a9cd2b) Importer(815301076,1909f56bfc062723c751e8b465ee728b)
Start importing Assets/pizza.fbx using Guid(6d1655d7da612b64cb51a259c3a9cd2b) Importer(815301076,1909f56bfc062723c751e8b465ee728b)  -> (artifact id: '5cd607ec121e6223c6a4fa9023f2ede2') in 0.107458 seconds 
========================================================================
Received Import Request.
  Time since last request: 8.479114 seconds.
  path: Assets/pizza.fbx
  artifactKey: Guid(6d1655d7da612b64cb51a259c3a9cd2b) Importer(815301076,1909f56bfc062723c751e8b465ee728b)
Start importing Assets/pizza.fbx using Guid(6d1655d7da612b64cb51a259c3a9cd2b) Importer(815301076,1909f56bfc062723c751e8b465ee728b)  -> (artifact id: 'c7088f6c9e70d52510b95a46a9f9e0f9') in 0.349677 seconds 
========================================================================
Received Import Request.
  Time since last request: 4.484514 seconds.
  path: Assets/pizza.fbx
  artifactKey: Guid(6d1655d7da612b64cb51a259c3a9cd2b) Importer(815301076,1909f56bfc062723c751e8b465ee728b)
Start importing Assets/pizza.fbx using Guid(6d1655d7da612b64cb51a259c3a9cd2b) Importer(815301076,1909f56bfc062723c751e8b465ee728b)  -> (artifact id: 'da6c5ade841fd54eda9eac3759562991') in 0.100694 seconds 
========================================================================
Received Import Request.
  Time since last request: 101.020277 seconds.
  path: Assets/chicken.fbx
  artifactKey: Guid(8557d6c696ea2004e90a49c65f2499b5) Importer(815301076,1909f56bfc062723c751e8b465ee728b)
Start importing Assets/chicken.fbx using Guid(8557d6c696ea2004e90a49c65f2499b5) Importer(815301076,1909f56bfc062723c751e8b465ee728b)  -> (artifact id: 'fdb76a49edbd64c1017746a68398927b') in 0.058402 seconds 
========================================================================
Received Import Request.
  Time since last request: 42.770933 seconds.
  path: Assets/chicken.fbx
  artifactKey: Guid(8557d6c696ea2004e90a49c65f2499b5) Importer(815301076,1909f56bfc062723c751e8b465ee728b)
Start importing Assets/chicken.fbx using Guid(8557d6c696ea2004e90a49c65f2499b5) Importer(815301076,1909f56bfc062723c751e8b465ee728b)  -> (artifact id: 'c7a2cef27817b9708c23aa36378e7240') in 0.054329 seconds 
========================================================================
Received Import Request.
  Time since last request: 346.637026 seconds.
  path: Assets/chicken.fbx
  artifactKey: Guid(8557d6c696ea2004e90a49c65f2499b5) Importer(815301076,1909f56bfc062723c751e8b465ee728b)
Start importing Assets/chicken.fbx using Guid(8557d6c696ea2004e90a49c65f2499b5) Importer(815301076,1909f56bfc062723c751e8b465ee728b)  -> (artifact id: 'd4943fc1798043f0b71b0670a4fb0165') in 0.224956 seconds 
========================================================================
Received Import Request.
  Time since last request: 191.328142 seconds.
  path: Assets/steak 2.fbx
  artifactKey: Guid(ea04a712687de94429b0b1cc6d1fb8da) Importer(815301076,1909f56bfc062723c751e8b465ee728b)
Start importing Assets/steak 2.fbx using Guid(ea04a712687de94429b0b1cc6d1fb8da) Importer(815301076,1909f56bfc062723c751e8b465ee728b)  -> (artifact id: '3261363eeced6f9b5cb6007853379849') in 0.056411 seconds 
========================================================================
Received Import Request.
  Time since last request: 26.373642 seconds.
  path: Assets/Food/steak 2.fbx
  artifactKey: Guid(ea04a712687de94429b0b1cc6d1fb8da) Importer(815301076,1909f56bfc062723c751e8b465ee728b)
Start importing Assets/Food/steak 2.fbx using Guid(ea04a712687de94429b0b1cc6d1fb8da) Importer(815301076,1909f56bfc062723c751e8b465ee728b)  -> (artifact id: 'db4f8db145f333c8e35caa1f2dd09b38') in 0.096370 seconds 
========================================================================
Received Import Request.
  Time since last request: 4.218707 seconds.
  path: Assets/Food/steak 2.fbx
  artifactKey: Guid(ea04a712687de94429b0b1cc6d1fb8da) Importer(815301076,1909f56bfc062723c751e8b465ee728b)
Start importing Assets/Food/steak 2.fbx using Guid(ea04a712687de94429b0b1cc6d1fb8da) Importer(815301076,1909f56bfc062723c751e8b465ee728b)  -> (artifact id: 'ce2e16c909d7b0b3a65d196874f16217') in 0.095409 seconds 
========================================================================
Received Import Request.
  Time since last request: 2.261982 seconds.
  path: Assets/Food/Materials
  artifactKey: Guid(d76ac1aea9f764e46a7d475afd3fe088) Importer(815301076,1909f56bfc062723c751e8b465ee728b)
Start importing Assets/Food/Materials using Guid(d76ac1aea9f764e46a7d475afd3fe088) Importer(815301076,1909f56bfc062723c751e8b465ee728b)  -> (artifact id: '9aacc39bdab135042d56e25c5cf48091') in 0.010770 seconds 
========================================================================
Received Import Request.
  Time since last request: 0.066515 seconds.
  path: Assets/Food/Materials/No Name.mat
  artifactKey: Guid(784c0ff5e64ce9644b011a7461d76ad5) Importer(815301076,1909f56bfc062723c751e8b465ee728b)
Start importing Assets/Food/Materials/No Name.mat using Guid(784c0ff5e64ce9644b011a7461d76ad5) Importer(815301076,1909f56bfc062723c751e8b465ee728b)  -> (artifact id: '515e6052dc41c6656757e3baf317c4a5') in 0.015172 seconds 
========================================================================
Received Import Request.
  Time since last request: 25.082672 seconds.
  path: Assets/Food/steak 2.fbx
  artifactKey: Guid(ea04a712687de94429b0b1cc6d1fb8da) Importer(815301076,1909f56bfc062723c751e8b465ee728b)
Start importing Assets/Food/steak 2.fbx using Guid(ea04a712687de94429b0b1cc6d1fb8da) Importer(815301076,1909f56bfc062723c751e8b465ee728b)  -> (artifact id: 'fd80f379500edb1db1d3bf9546ae9ce2') in 0.045105 seconds 
========================================================================
Received Import Request.
  Time since last request: 3.388633 seconds.
  path: Assets/Food/steak 2.fbx
  artifactKey: Guid(ea04a712687de94429b0b1cc6d1fb8da) Importer(815301076,1909f56bfc062723c751e8b465ee728b)
Start importing Assets/Food/steak 2.fbx using Guid(ea04a712687de94429b0b1cc6d1fb8da) Importer(815301076,1909f56bfc062723c751e8b465ee728b)  -> (artifact id: '32ba60bf095458958e959b79331c1ac2') in 0.381577 seconds 
========================================================================
Received Import Request.
  Time since last request: 11.322458 seconds.
  path: Assets/Food/steak 2.fbx
  artifactKey: Guid(ea04a712687de94429b0b1cc6d1fb8da) Importer(815301076,1909f56bfc062723c751e8b465ee728b)
Start importing Assets/Food/steak 2.fbx using Guid(ea04a712687de94429b0b1cc6d1fb8da) Importer(815301076,1909f56bfc062723c751e8b465ee728b)  -> (artifact id: '30f440969742ed3e93065932984c2ede') in 0.044445 seconds 
========================================================================
Received Import Request.
  Time since last request: 907.906863 seconds.
  path: Assets/Food/cheese.fbx
  artifactKey: Guid(47b385e1db406a64499c153b93bf6b5c) Importer(815301076,1909f56bfc062723c751e8b465ee728b)
Start importing Assets/Food/cheese.fbx using Guid(47b385e1db406a64499c153b93bf6b5c) Importer(815301076,1909f56bfc062723c751e8b465ee728b)  -> (artifact id: '771df0729ebd8203904e1cd29ce242a6') in 0.893742 seconds 
========================================================================
Received Import Request.
  Time since last request: 14.880974 seconds.
  path: Assets/Food/cheese.fbx
  artifactKey: Guid(47b385e1db406a64499c153b93bf6b5c) Importer(815301076,1909f56bfc062723c751e8b465ee728b)
Start importing Assets/Food/cheese.fbx using Guid(47b385e1db406a64499c153b93bf6b5c) Importer(815301076,1909f56bfc062723c751e8b465ee728b)  -> (artifact id: 'ff124213e713e8313215066020513caf') in 0.167576 seconds 
========================================================================
Received Import Request.
  Time since last request: 138.510593 seconds.
  path: Assets/Food/chicken.fbx
  artifactKey: Guid(92266a9db8bf52c4c9f692129619d2b5) Importer(815301076,1909f56bfc062723c751e8b465ee728b)
Start importing Assets/Food/chicken.fbx using Guid(92266a9db8bf52c4c9f692129619d2b5) Importer(815301076,1909f56bfc062723c751e8b465ee728b)  -> (artifact id: 'ba27de1cc7e4e5785f0d40ca911b21ae') in 0.122181 seconds 
========================================================================
Received Import Request.
  Time since last request: 11.497361 seconds.
  path: Assets/Food/chicken.fbx
  artifactKey: Guid(92266a9db8bf52c4c9f692129619d2b5) Importer(815301076,1909f56bfc062723c751e8b465ee728b)
Start importing Assets/Food/chicken.fbx using Guid(92266a9db8bf52c4c9f692129619d2b5) Importer(815301076,1909f56bfc062723c751e8b465ee728b)  -> (artifact id: 'cef65256620f1202820a4576b78a4343') in 0.119496 seconds 
========================================================================
Received Import Request.
  Time since last request: 174.373434 seconds.
  path: Assets/Food/pizza.fbx
  artifactKey: Guid(dd5de2da972a2274dad003fe7edc7fe4) Importer(815301076,1909f56bfc062723c751e8b465ee728b)
Start importing Assets/Food/pizza.fbx using Guid(dd5de2da972a2274dad003fe7edc7fe4) Importer(815301076,1909f56bfc062723c751e8b465ee728b)  -> (artifact id: '8e2263a124c285504db9410ccf737cca') in 0.185410 seconds 
========================================================================
Received Import Request.
  Time since last request: 26.777494 seconds.
  path: Assets/Food/pizza.fbx
  artifactKey: Guid(dd5de2da972a2274dad003fe7edc7fe4) Importer(815301076,1909f56bfc062723c751e8b465ee728b)
Start importing Assets/Food/pizza.fbx using Guid(dd5de2da972a2274dad003fe7edc7fe4) Importer(815301076,1909f56bfc062723c751e8b465ee728b)  -> (artifact id: 'fdcdb1fb46eecbdc09709b4443600d27') in 0.164679 seconds 
========================================================================
Received Import Request.
  Time since last request: 111.182654 seconds.
  path: Assets/Food/pizza.fbx
  artifactKey: Guid(dd5de2da972a2274dad003fe7edc7fe4) Importer(815301076,1909f56bfc062723c751e8b465ee728b)
Start importing Assets/Food/pizza.fbx using Guid(dd5de2da972a2274dad003fe7edc7fe4) Importer(815301076,1909f56bfc062723c751e8b465ee728b)  -> (artifact id: 'bfdf0d537d5129c60e1e2ccc280168e2') in 0.131046 seconds 
========================================================================
Received Import Request.
  Time since last request: 19.278433 seconds.
  path: Assets/Food/pizza.fbx
  artifactKey: Guid(dd5de2da972a2274dad003fe7edc7fe4) Importer(815301076,1909f56bfc062723c751e8b465ee728b)
Start importing Assets/Food/pizza.fbx using Guid(dd5de2da972a2274dad003fe7edc7fe4) Importer(815301076,1909f56bfc062723c751e8b465ee728b)  -> (artifact id: 'e535bbc5d90ad5430769ece1f6c8b571') in 0.155773 seconds 
========================================================================
Received Import Request.
  Time since last request: 145.251404 seconds.
  path: Assets/Food/steak.fbx
  artifactKey: Guid(8a6a586ee09448347915e8765da5d9e9) Importer(815301076,1909f56bfc062723c751e8b465ee728b)
Start importing Assets/Food/steak.fbx using Guid(8a6a586ee09448347915e8765da5d9e9) Importer(815301076,1909f56bfc062723c751e8b465ee728b)  -> (artifact id: '3a3f7a00f69a6c0e6a8721da35cd1563') in 0.091611 seconds 
========================================================================
Received Import Request.
  Time since last request: 9.741798 seconds.
  path: Assets/Food/steak.fbx
  artifactKey: Guid(8a6a586ee09448347915e8765da5d9e9) Importer(815301076,1909f56bfc062723c751e8b465ee728b)
Start importing Assets/Food/steak.fbx using Guid(8a6a586ee09448347915e8765da5d9e9) Importer(815301076,1909f56bfc062723c751e8b465ee728b)  -> (artifact id: 'b515c48b8b6a38b6a54b23332b6c59da') in 0.098639 seconds 
========================================================================
Received Import Request.
  Time since last request: 38.126961 seconds.
  path: Assets/Food/steak.fbx
  artifactKey: Guid(8a6a586ee09448347915e8765da5d9e9) Importer(815301076,1909f56bfc062723c751e8b465ee728b)
Start importing Assets/Food/steak.fbx using Guid(8a6a586ee09448347915e8765da5d9e9) Importer(815301076,1909f56bfc062723c751e8b465ee728b)  -> (artifact id: 'b13d0b82b6aa5f768867785eac189acd') in 0.053861 seconds 
========================================================================
Received Import Request.
  Time since last request: 22.138386 seconds.
  path: Assets/Food/steak.fbx
  artifactKey: Guid(8a6a586ee09448347915e8765da5d9e9) Importer(815301076,1909f56bfc062723c751e8b465ee728b)
Start importing Assets/Food/steak.fbx using Guid(8a6a586ee09448347915e8765da5d9e9) Importer(815301076,1909f56bfc062723c751e8b465ee728b)  -> (artifact id: '24a7df344df008de2ceaf6558bf52dc4') in 0.104990 seconds 
========================================================================
Received Import Request.
  Time since last request: 7.886209 seconds.
  path: Assets/Food/pizza.fbx
  artifactKey: Guid(dd5de2da972a2274dad003fe7edc7fe4) Importer(815301076,1909f56bfc062723c751e8b465ee728b)
Start importing Assets/Food/pizza.fbx using Guid(dd5de2da972a2274dad003fe7edc7fe4) Importer(815301076,1909f56bfc062723c751e8b465ee728b)  -> (artifact id: '59ce013f37e0f4ad0b000c2b054ec70d') in 0.116834 seconds 
========================================================================
Received Import Request.
  Time since last request: 14.879820 seconds.
  path: Assets/Food/pizza.fbx
  artifactKey: Guid(dd5de2da972a2274dad003fe7edc7fe4) Importer(815301076,1909f56bfc062723c751e8b465ee728b)
Start importing Assets/Food/pizza.fbx using Guid(dd5de2da972a2274dad003fe7edc7fe4) Importer(815301076,1909f56bfc062723c751e8b465ee728b)  -> (artifact id: 'd1e0dfdf29cd2b4dabad343cb5e33386') in 0.585764 seconds 
========================================================================
Received Import Request.
  Time since last request: 4.827703 seconds.
  path: Assets/Food/cheese.fbx
  artifactKey: Guid(47b385e1db406a64499c153b93bf6b5c) Importer(815301076,1909f56bfc062723c751e8b465ee728b)
Start importing Assets/Food/cheese.fbx using Guid(47b385e1db406a64499c153b93bf6b5c) Importer(815301076,1909f56bfc062723c751e8b465ee728b)  -> (artifact id: '8d98935ce6e4bd628ce84b8f304a8f44') in 0.154870 seconds 
========================================================================
Received Import Request.
  Time since last request: 152.029321 seconds.
  path: Assets/Food/pizza.fbx
  artifactKey: Guid(dd5de2da972a2274dad003fe7edc7fe4) Importer(815301076,1909f56bfc062723c751e8b465ee728b)
Start importing Assets/Food/pizza.fbx using Guid(dd5de2da972a2274dad003fe7edc7fe4) Importer(815301076,1909f56bfc062723c751e8b465ee728b)  -> (artifact id: 'aa2be4a83ba65270f987dbfac4e9beba') in 0.151021 seconds 
========================================================================
Received Import Request.
  Time since last request: 13.887802 seconds.
  path: Assets/Food/pizza.fbx
  artifactKey: Guid(dd5de2da972a2274dad003fe7edc7fe4) Importer(815301076,1909f56bfc062723c751e8b465ee728b)
Start importing Assets/Food/pizza.fbx using Guid(dd5de2da972a2274dad003fe7edc7fe4) Importer(815301076,1909f56bfc062723c751e8b465ee728b)  -> (artifact id: '6f8dbc1dcd7763726644bf1f7a110a12') in 0.164183 seconds 
========================================================================
Received Import Request.
  Time since last request: 8.114485 seconds.
  path: Assets/Food/pizza.fbx
  artifactKey: Guid(dd5de2da972a2274dad003fe7edc7fe4) Importer(815301076,1909f56bfc062723c751e8b465ee728b)
Start importing Assets/Food/pizza.fbx using Guid(dd5de2da972a2274dad003fe7edc7fe4) Importer(815301076,1909f56bfc062723c751e8b465ee728b)  -> (artifact id: '2525064baa8d3b73c15dbf16de0cf278') in 0.211807 seconds 
